2025-09-27 03:25:10 [INFO] usb_pd_parser - Extracted 149 TOC entries to outputs\usb_pd_toc.jsonl
2025-09-27 03:25:36 [INFO] usb_pd_parser - Extracted 26996 content items to outputs\usb_pd_content.jsonl
2025-09-27 03:25:36 [INFO] usb_pd_parser - Pipeline completed successfully
2025-09-27 03:25:36 [INFO] usb_pd_parser - TOC entries: 149
2025-09-27 03:25:36 [INFO] usb_pd_parser - Content items: 26996
2025-09-27 03:25:36 [INFO] usb_pd_parser - Spec file counts: {'paragraphs': 25760, 'images': 325, 'tables': 911, 'pages': 1047}
2025-09-27 03:26:10 [INFO] usb_pd_parser - Extracted 149 TOC entries to outputs\usb_pd_toc.jsonl
2025-09-27 03:26:19 [INFO] usb_pd_parser - Extracted 16013 content items to outputs\usb_pd_content.jsonl
2025-09-27 03:26:19 [INFO] usb_pd_parser - Pipeline completed successfully
2025-09-27 03:26:19 [INFO] usb_pd_parser - TOC entries: 149
2025-09-27 03:26:19 [INFO] usb_pd_parser - Content items: 16013
2025-09-27 03:26:19 [INFO] usb_pd_parser - Spec file counts: {'paragraphs': 15158, 'images': 176, 'tables': 679, 'pages': 600}
2025-09-27 03:41:54 [INFO] usb_pd_parser - Extracted 149 TOC entries to outputs\usb_pd_toc.jsonl
2025-09-27 03:42:18 [INFO] usb_pd_parser - Extracted 26996 content items to outputs\usb_pd_content.jsonl
2025-09-27 03:42:18 [INFO] usb_pd_parser - Pipeline completed successfully
2025-09-27 03:42:18 [INFO] usb_pd_parser - TOC entries: 149
2025-09-27 03:42:18 [INFO] usb_pd_parser - Content items: 26996
2025-09-27 03:42:18 [INFO] usb_pd_parser - Spec file counts: {'paragraphs': 25760, 'images': 325, 'tables': 911, 'pages': 1047}
2025-09-27 04:01:47 [INFO] usb_pd_parser - Extracted 149 TOC entries to outputs\usb_pd_toc.jsonl
2025-09-27 04:02:13 [INFO] usb_pd_parser - Extracted 26996 content items to outputs\usb_pd_content.jsonl
2025-09-27 04:02:13 [INFO] usb_pd_parser - Pipeline completed successfully
2025-09-27 04:02:13 [INFO] usb_pd_parser - TOC entries: 149
2025-09-27 04:02:13 [INFO] usb_pd_parser - Content items: 26996
2025-09-27 04:02:13 [INFO] usb_pd_parser - Spec file counts: {'paragraphs': 25760, 'images': 325, 'tables': 911, 'pages': 1047}
2025-09-29 13:07:58 [INFO] usb_pd_parser - Extracted 149 TOC entries to outputs\usb_pd_toc.jsonl
2025-09-29 13:08:12 [INFO] usb_pd_parser - Extracted 26996 content items to outputs\usb_pd_content.jsonl
2025-09-29 13:08:12 [INFO] usb_pd_parser - Pipeline completed successfully
2025-09-29 13:08:12 [INFO] usb_pd_parser - TOC entries: 149
2025-09-29 13:08:12 [INFO] usb_pd_parser - Content items: 26996
2025-09-29 13:08:12 [INFO] usb_pd_parser - Spec file counts: {'paragraphs': 25760, 'images': 325, 'tables': 911, 'pages': 1047}
2025-09-29 13:15:00 [INFO] usb_pd_parser - Extracted 149 TOC entries to outputs\usb_pd_toc.jsonl
2025-09-29 13:15:14 [INFO] usb_pd_parser - Extracted 26996 content items to outputs\usb_pd_spec.jsonl
2025-09-29 13:15:14 [INFO] usb_pd_parser - Pipeline completed successfully
2025-09-29 13:15:14 [INFO] usb_pd_parser - TOC entries: 149
2025-09-29 13:15:14 [INFO] usb_pd_parser - Content items: 26996
2025-09-29 13:15:14 [INFO] usb_pd_parser - Spec file counts: {'paragraphs': 25760, 'images': 325, 'tables': 911, 'pages': 1047}
2025-09-29 13:26:32 [INFO] usb_pd_parser - Extracted 149 TOC entries to outputs\usb_pd_toc.jsonl
2025-09-29 13:26:49 [INFO] usb_pd_parser - Extracted 26996 content items to outputs\usb_pd_spec.jsonl
2025-09-29 13:26:49 [INFO] usb_pd_parser - Pipeline completed successfully
2025-09-29 13:26:49 [INFO] usb_pd_parser - TOC entries: 149
2025-09-29 13:26:49 [INFO] usb_pd_parser - Content items: 26996
2025-09-29 13:26:49 [INFO] usb_pd_parser - Spec file counts: {'paragraphs': 25760, 'images': 325, 'tables': 911, 'pages': 1047}
2025-09-29 13:32:11 [INFO] usb_pd_parser - Extracted 149 TOC entries to outputs\usb_pd_toc.jsonl
2025-09-29 13:32:26 [INFO] usb_pd_parser - Extracted 26996 content items to outputs\usb_pd_spec.jsonl
2025-09-29 13:32:26 [INFO] usb_pd_parser - Pipeline completed successfully
2025-09-29 13:32:26 [INFO] usb_pd_parser - TOC entries: 149
2025-09-29 13:32:26 [INFO] usb_pd_parser - Content items: 26996
2025-09-29 13:32:26 [INFO] usb_pd_parser - Spec file counts: {'paragraphs': 25760, 'images': 325, 'tables': 911, 'pages': 1047}
2025-09-29 13:35:02 [INFO] usb_pd_parser - Extracted 149 TOC entries to outputs\usb_pd_toc.jsonl
2025-09-29 13:35:16 [INFO] usb_pd_parser - Extracted 26996 content items to outputs\usb_pd_spec.jsonl
2025-09-29 13:35:16 [INFO] usb_pd_parser - Pipeline completed successfully
2025-09-29 13:35:16 [INFO] usb_pd_parser - TOC entries: 149
2025-09-29 13:35:16 [INFO] usb_pd_parser - Content items: 26996
2025-09-29 13:35:16 [INFO] usb_pd_parser - Spec file counts: {'paragraphs': 25760, 'images': 325, 'tables': 911, 'pages': 1047}
2025-09-29 14:59:12 [INFO] usb_pd_parser - Extracted 149 TOC entries to outputs\usb_pd_toc.jsonl
2025-09-29 14:59:25 [INFO] usb_pd_parser - Extracted 26996 content items to outputs\usb_pd_spec.jsonl
2025-09-29 14:59:25 [INFO] usb_pd_parser - Pipeline completed successfully
2025-09-29 14:59:25 [INFO] usb_pd_parser - TOC entries: 149
2025-09-29 14:59:25 [INFO] usb_pd_parser - Content items: 26996
2025-09-29 14:59:25 [INFO] usb_pd_parser - Spec file counts: {'paragraphs': 25760, 'images': 325, 'tables': 911, 'pages': 1047}
